This file contains any messages produced by compilers while
running configure, to aid debugging if configure makes a mistake.

It was created by kexec-tools configure 2.0.3, which was
generated by GNU Autoconf 2.65.  Invocation command line was

  $ ./configure --host=i686-unknown-linux

## --------- ##
## Platform. ##
## --------- ##

hostname = jeroen-laptop
uname -m = i686
uname -r = 2.6.32-45-generic
uname -s = Linux
uname -v = #101-Ubuntu SMP Mon Dec 3 15:41:13 UTC 2012

/usr/bin/uname -p = unknown
/bin/uname -X     = unknown

/bin/arch              = unknown
/usr/bin/arch -k       = unknown
/usr/convex/getsysinfo = unknown
/usr/bin/hostinfo      = unknown
/bin/machine           = unknown
/usr/bin/oslevel       = unknown
/bin/universe          = unknown

PATH: /usr/local/sbin
PATH: /usr/local/bin
PATH: /usr/sbin
PATH: /usr/bin
PATH: /sbin
PATH: /bin
PATH: /usr/games
PATH: /opt/ce4100/prebuilt/linux-x86/toolchain/i686-unknown-linux-4.5.3-glibc/bin


## ----------- ##
## Core tests. ##
## ----------- ##

configure:2107: checking build system type
configure:2121: result: i686-pc-linux-gnu
configure:2141: checking host system type
configure:2154: result: i686-unknown-linux-gnu
configure:2174: checking target system type
configure:2187: result: i686-unknown-linux-gnu
configure:2324: checking for i686-unknown-linux-gcc
configure:2340: found /opt/ce4100/prebuilt/linux-x86/toolchain/i686-unknown-linux-4.5.3-glibc/bin/i686-unknown-linux-gcc
configure:2351: result: i686-unknown-linux-gcc
configure:2620: checking for C compiler version
configure:2629: i686-unknown-linux-gcc --version >&5
i686-unknown-linux-gcc (gtv 20121213) 4.5.3
Copyright (C) 2010 Free Software Foundation, Inc.
This is free software; see the source for copying conditions.  There is NO
warranty; not even for MERCHANTABILITY or FITNESS FOR A PARTICULAR PURPOSE.

configure:2640: $? = 0
configure:2629: i686-unknown-linux-gcc -v >&5
Using built-in specs.
COLLECT_GCC=i686-unknown-linux-gcc
COLLECT_LTO_WRAPPER=/opt/ce4100/prebuilt/linux-x86/toolchain/i686-unknown-linux-4.5.3-glibc/libexec/gcc/i686-unknown-linux/4.5.3/lto-wrapper
Target: i686-unknown-linux
Configured with: /root/googletv-mirrored-source.toolchain/gcc/configure --prefix=/root/googletv-mirrored-source.toolchain/.install-i686 --target=i686-unknown-linux --program-prefix=i686-unknown-linux- --mandir=/root/googletv-mirrored-source.toolchain/.install-i686/share/man --infodir=/root/googletv-mirrored-source.toolchain/.install-i686/share/info --with-gnu-as --with-gnu-ld --with-gmp=/root/googletv-mirrored-source.toolchain/.bootstrap-i686 --with-libelf=/root/googletv-mirrored-source.toolchain/.bootstrap-i686 --with-mpc=/root/googletv-mirrored-source.toolchain/.bootstrap-i686 --with-mpfr=/root/googletv-mirrored-source.toolchain/.bootstrap-i686 --enable-__cxa_atexit --disable-libgomp --disable-libmudflap --disable-libssp --disable-nls --disable-plugin --without-cloog --without-ppl --with-pkgversion='gtv 20121213' --with-sysroot=/root/googletv-mirrored-source.toolchain/.install-i686/target-i686-unknown-linux --libdir=/root/googletv-mirrored-source.toolchain/.install-i686/target-i686-unknown-linux/usr/lib --enable-languages=c,c++ --enable-linker-build-id --enable-lto --enable-tls --enable-threads=posix --enable-version-specific-runtime-libs LDFLAGS=-static --disable-multilib --with-arch=atom --with-tune=atom
Thread model: posix
gcc version 4.5.3 (gtv 20121213) 
configure:2640: $? = 0
configure:2629: i686-unknown-linux-gcc -V >&5
i686-unknown-linux-gcc: '-V' option must have argument
configure:2640: $? = 1
configure:2629: i686-unknown-linux-gcc -qversion >&5
i686-unknown-linux-gcc: unrecognized option '-qversion'
i686-unknown-linux-gcc: no input files
configure:2640: $? = 1
configure:2660: checking whether the C compiler works
configure:2682: i686-unknown-linux-gcc    conftest.c  >&5
configure:2686: $? = 0
configure:2735: result: yes
configure:2738: checking for C compiler default output file name
configure:2740: result: a.out
configure:2746: checking for suffix of executables
configure:2753: i686-unknown-linux-gcc -o conftest    conftest.c  >&5
configure:2757: $? = 0
configure:2779: result: 
configure:2801: checking whether we are cross compiling
configure:2809: i686-unknown-linux-gcc -o conftest    conftest.c  >&5
configure:2813: $? = 0
configure:2820: ./conftest
configure:2824: $? = 0
configure:2839: result: no
configure:2844: checking for suffix of object files
configure:2866: i686-unknown-linux-gcc -c   conftest.c >&5
configure:2870: $? = 0
configure:2891: result: o
configure:2895: checking whether we are using the GNU C compiler
configure:2914: i686-unknown-linux-gcc -c   conftest.c >&5
configure:2914: $? = 0
configure:2923: result: yes
configure:2932: checking whether i686-unknown-linux-gcc accepts -g
configure:2952: i686-unknown-linux-gcc -c -g  conftest.c >&5
configure:2952: $? = 0
configure:2993: result: yes
configure:3010: checking for i686-unknown-linux-gcc option to accept ISO C89
configure:3074: i686-unknown-linux-gcc  -c -g -O2  conftest.c >&5
configure:3074: $? = 0
configure:3087: result: none needed
configure:3113: checking for -gcc
configure:3143: result: no
configure:3113: checking for i686-pc-linux-gnu-gcc
configure:3143: result: no
configure:3113: checking for gcc
configure:3129: found /usr/bin/gcc
configure:3140: result: gcc
configure:3160: checking how to run the C preprocessor
configure:3191: i686-unknown-linux-gcc -E  conftest.c
configure:3191: $? = 0
configure:3205: i686-unknown-linux-gcc -E  conftest.c
conftest.c:10:28: fatal error: ac_nonexistent.h: No such file or directory
compilation terminated.
configure:3205: $? = 1
configure: failed program was:
| /* confdefs.h */
| #define PACKAGE_NAME "kexec-tools"
| #define PACKAGE_TARNAME "kexec-tools"
| #define PACKAGE_VERSION "2.0.3"
| #define PACKAGE_STRING "kexec-tools 2.0.3"
| #define PACKAGE_BUGREPORT ""
| #define PACKAGE_URL ""
| #define PACKAGE_DATE "14 December 2012"
| /* end confdefs.h.  */
| #include <ac_nonexistent.h>
configure:3230: result: i686-unknown-linux-gcc -E
configure:3250: i686-unknown-linux-gcc -E  conftest.c
configure:3250: $? = 0
configure:3264: i686-unknown-linux-gcc -E  conftest.c
conftest.c:10:28: fatal error: ac_nonexistent.h: No such file or directory
compilation terminated.
configure:3264: $? = 1
configure: failed program was:
| /* confdefs.h */
| #define PACKAGE_NAME "kexec-tools"
| #define PACKAGE_TARNAME "kexec-tools"
| #define PACKAGE_VERSION "2.0.3"
| #define PACKAGE_STRING "kexec-tools 2.0.3"
| #define PACKAGE_BUGREPORT ""
| #define PACKAGE_URL ""
| #define PACKAGE_DATE "14 December 2012"
| /* end confdefs.h.  */
| #include <ac_nonexistent.h>
configure:3295: checking for i686-unknown-linux-ld
configure:3311: found /opt/ce4100/prebuilt/linux-x86/toolchain/i686-unknown-linux-4.5.3-glibc/bin/i686-unknown-linux-ld
configure:3322: result: i686-unknown-linux-ld
configure:3387: checking for i686-unknown-linux-as
configure:3403: found /opt/ce4100/prebuilt/linux-x86/toolchain/i686-unknown-linux-4.5.3-glibc/bin/i686-unknown-linux-as
configure:3414: result: i686-unknown-linux-as
configure:3479: checking for i686-unknown-linux-objcopy
configure:3495: found /opt/ce4100/prebuilt/linux-x86/toolchain/i686-unknown-linux-4.5.3-glibc/bin/i686-unknown-linux-objcopy
configure:3506: result: i686-unknown-linux-objcopy
configure:3571: checking for i686-unknown-linux-ar
configure:3587: found /opt/ce4100/prebuilt/linux-x86/toolchain/i686-unknown-linux-4.5.3-glibc/bin/i686-unknown-linux-ar
configure:3598: result: i686-unknown-linux-ar
configure:3751: checking whether i686-unknown-linux-gcc accepts -fno-zero-initialized-in-bss
configure:3769: i686-unknown-linux-gcc -c -g -O2 -fno-zero-initialized-in-bss  conftest.c >&5
configure:3769: $? = 0
configure:3771: result: Yes
configure:3798: checking for a BSD-compatible install
configure:3866: result: /usr/bin/install -c
configure:3879: checking for mkdir
configure:3895: found /bin/mkdir
configure:3907: result: mkdir
configure:3917: checking for rm
configure:3933: found /bin/rm
configure:3945: result: rm
configure:3955: checking for cp
configure:3971: found /bin/cp
configure:3983: result: cp
configure:3993: checking for ln
configure:4009: found /bin/ln
configure:4021: result: ln
configure:4031: checking for tar
configure:4047: found /bin/tar
configure:4059: result: tar
configure:4069: checking for rpmbuild
configure:4097: result: no
configure:4107: checking for sed
configure:4123: found /bin/sed
configure:4135: result: sed
configure:4145: checking for find
configure:4161: found /usr/bin/find
configure:4173: result: find
configure:4183: checking for xargs
configure:4199: found /usr/bin/xargs
configure:4211: result: xargs
configure:4221: checking for dirname
configure:4237: found /usr/bin/dirname
configure:4249: result: dirname
configure:4260: checking for grep that handles long lines and -e
configure:4318: result: /bin/grep
configure:4323: checking for egrep
configure:4385: result: /bin/grep -E
configure:4390: checking for ANSI C header files
configure:4410: i686-unknown-linux-gcc -c -g -O2  conftest.c >&5
configure:4410: $? = 0
configure:4483: i686-unknown-linux-gcc -o conftest -g -O2   conftest.c  >&5
configure:4483: $? = 0
configure:4483: ./conftest
configure:4483: $? = 0
configure:4494: result: yes
configure:4507: checking for sys/types.h
configure:4507: i686-unknown-linux-gcc -c -g -O2  conftest.c >&5
configure:4507: $? = 0
configure:4507: result: yes
configure:4507: checking for sys/stat.h
configure:4507: i686-unknown-linux-gcc -c -g -O2  conftest.c >&5
configure:4507: $? = 0
configure:4507: result: yes
configure:4507: checking for stdlib.h
configure:4507: i686-unknown-linux-gcc -c -g -O2  conftest.c >&5
configure:4507: $? = 0
configure:4507: result: yes
configure:4507: checking for string.h
configure:4507: i686-unknown-linux-gcc -c -g -O2  conftest.c >&5
configure:4507: $? = 0
configure:4507: result: yes
configure:4507: checking for memory.h
configure:4507: i686-unknown-linux-gcc -c -g -O2  conftest.c >&5
configure:4507: $? = 0
configure:4507: result: yes
configure:4507: checking for strings.h
configure:4507: i686-unknown-linux-gcc -c -g -O2  conftest.c >&5
configure:4507: $? = 0
configure:4507: result: yes
configure:4507: checking for inttypes.h
configure:4507: i686-unknown-linux-gcc -c -g -O2  conftest.c >&5
configure:4507: $? = 0
configure:4507: result: yes
configure:4507: checking for stdint.h
configure:4507: i686-unknown-linux-gcc -c -g -O2  conftest.c >&5
configure:4507: $? = 0
configure:4507: result: yes
configure:4507: checking for unistd.h
configure:4507: i686-unknown-linux-gcc -c -g -O2  conftest.c >&5
configure:4507: $? = 0
configure:4507: result: yes
configure:4520: checking zlib.h usability
configure:4520: i686-unknown-linux-gcc -c -g -O2  conftest.c >&5
conftest.c:53:18: fatal error: zlib.h: No such file or directory
compilation terminated.
configure:4520: $? = 1
configure: failed program was:
| /* confdefs.h */
| #define PACKAGE_NAME "kexec-tools"
| #define PACKAGE_TARNAME "kexec-tools"
| #define PACKAGE_VERSION "2.0.3"
| #define PACKAGE_STRING "kexec-tools 2.0.3"
| #define PACKAGE_BUGREPORT ""
| #define PACKAGE_URL ""
| #define PACKAGE_DATE "14 December 2012"
| #define STDC_HEADERS 1
| #define HAVE_SYS_TYPES_H 1
| #define HAVE_SYS_STAT_H 1
| #define HAVE_STDLIB_H 1
| #define HAVE_STRING_H 1
| #define HAVE_MEMORY_H 1
| #define HAVE_STRINGS_H 1
| #define HAVE_INTTYPES_H 1
| #define HAVE_STDINT_H 1
| #define HAVE_UNISTD_H 1
| /* end confdefs.h.  */
| #include <stdio.h>
| #ifdef HAVE_SYS_TYPES_H
| # include <sys/types.h>
| #endif
| #ifdef HAVE_SYS_STAT_H
| # include <sys/stat.h>
| #endif
| #ifdef STDC_HEADERS
| # include <stdlib.h>
| # include <stddef.h>
| #else
| # ifdef HAVE_STDLIB_H
| #  include <stdlib.h>
| # endif
| #endif
| #ifdef HAVE_STRING_H
| # if !defined STDC_HEADERS && defined HAVE_MEMORY_H
| #  include <memory.h>
| # endif
| # include <string.h>
| #endif
| #ifdef HAVE_STRINGS_H
| # include <strings.h>
| #endif
| #ifdef HAVE_INTTYPES_H
| # include <inttypes.h>
| #endif
| #ifdef HAVE_STDINT_H
| # include <stdint.h>
| #endif
| #ifdef HAVE_UNISTD_H
| # include <unistd.h>
| #endif
| #include <zlib.h>
configure:4520: result: no
configure:4520: checking zlib.h presence
configure:4520: i686-unknown-linux-gcc -E  conftest.c
conftest.c:20:18: fatal error: zlib.h: No such file or directory
compilation terminated.
configure:4520: $? = 1
configure: failed program was:
| /* confdefs.h */
| #define PACKAGE_NAME "kexec-tools"
| #define PACKAGE_TARNAME "kexec-tools"
| #define PACKAGE_VERSION "2.0.3"
| #define PACKAGE_STRING "kexec-tools 2.0.3"
| #define PACKAGE_BUGREPORT ""
| #define PACKAGE_URL ""
| #define PACKAGE_DATE "14 December 2012"
| #define STDC_HEADERS 1
| #define HAVE_SYS_TYPES_H 1
| #define HAVE_SYS_STAT_H 1
| #define HAVE_STDLIB_H 1
| #define HAVE_STRING_H 1
| #define HAVE_MEMORY_H 1
| #define HAVE_STRINGS_H 1
| #define HAVE_INTTYPES_H 1
| #define HAVE_STDINT_H 1
| #define HAVE_UNISTD_H 1
| /* end confdefs.h.  */
| #include <zlib.h>
configure:4520: result: no
configure:4520: checking for zlib.h
configure:4520: result: no
configure:4622: checking lzma.h usability
configure:4622: i686-unknown-linux-gcc -c -g -O2  conftest.c >&5
conftest.c:53:18: fatal error: lzma.h: No such file or directory
compilation terminated.
configure:4622: $? = 1
configure: failed program was:
| /* confdefs.h */
| #define PACKAGE_NAME "kexec-tools"
| #define PACKAGE_TARNAME "kexec-tools"
| #define PACKAGE_VERSION "2.0.3"
| #define PACKAGE_STRING "kexec-tools 2.0.3"
| #define PACKAGE_BUGREPORT ""
| #define PACKAGE_URL ""
| #define PACKAGE_DATE "14 December 2012"
| #define STDC_HEADERS 1
| #define HAVE_SYS_TYPES_H 1
| #define HAVE_SYS_STAT_H 1
| #define HAVE_STDLIB_H 1
| #define HAVE_STRING_H 1
| #define HAVE_MEMORY_H 1
| #define HAVE_STRINGS_H 1
| #define HAVE_INTTYPES_H 1
| #define HAVE_STDINT_H 1
| #define HAVE_UNISTD_H 1
| /* end confdefs.h.  */
| #include <stdio.h>
| #ifdef HAVE_SYS_TYPES_H
| # include <sys/types.h>
| #endif
| #ifdef HAVE_SYS_STAT_H
| # include <sys/stat.h>
| #endif
| #ifdef STDC_HEADERS
| # include <stdlib.h>
| # include <stddef.h>
| #else
| # ifdef HAVE_STDLIB_H
| #  include <stdlib.h>
| # endif
| #endif
| #ifdef HAVE_STRING_H
| # if !defined STDC_HEADERS && defined HAVE_MEMORY_H
| #  include <memory.h>
| # endif
| # include <string.h>
| #endif
| #ifdef HAVE_STRINGS_H
| # include <strings.h>
| #endif
| #ifdef HAVE_INTTYPES_H
| # include <inttypes.h>
| #endif
| #ifdef HAVE_STDINT_H
| # include <stdint.h>
| #endif
| #ifdef HAVE_UNISTD_H
| # include <unistd.h>
| #endif
| #include <lzma.h>
configure:4622: result: no
configure:4622: checking lzma.h presence
configure:4622: i686-unknown-linux-gcc -E  conftest.c
conftest.c:20:18: fatal error: lzma.h: No such file or directory
compilation terminated.
configure:4622: $? = 1
configure: failed program was:
| /* confdefs.h */
| #define PACKAGE_NAME "kexec-tools"
| #define PACKAGE_TARNAME "kexec-tools"
| #define PACKAGE_VERSION "2.0.3"
| #define PACKAGE_STRING "kexec-tools 2.0.3"
| #define PACKAGE_BUGREPORT ""
| #define PACKAGE_URL ""
| #define PACKAGE_DATE "14 December 2012"
| #define STDC_HEADERS 1
| #define HAVE_SYS_TYPES_H 1
| #define HAVE_SYS_STAT_H 1
| #define HAVE_STDLIB_H 1
| #define HAVE_STRING_H 1
| #define HAVE_MEMORY_H 1
| #define HAVE_STRINGS_H 1
| #define HAVE_INTTYPES_H 1
| #define HAVE_STDINT_H 1
| #define HAVE_UNISTD_H 1
| /* end confdefs.h.  */
| #include <lzma.h>
configure:4622: result: no
configure:4622: checking for lzma.h
configure:4622: result: no
configure:4678: checking xenctrl.h usability
configure:4678: i686-unknown-linux-gcc -c -g -O2  conftest.c >&5
conftest.c:53:21: fatal error: xenctrl.h: No such file or directory
compilation terminated.
configure:4678: $? = 1
configure: failed program was:
| /* confdefs.h */
| #define PACKAGE_NAME "kexec-tools"
| #define PACKAGE_TARNAME "kexec-tools"
| #define PACKAGE_VERSION "2.0.3"
| #define PACKAGE_STRING "kexec-tools 2.0.3"
| #define PACKAGE_BUGREPORT ""
| #define PACKAGE_URL ""
| #define PACKAGE_DATE "14 December 2012"
| #define STDC_HEADERS 1
| #define HAVE_SYS_TYPES_H 1
| #define HAVE_SYS_STAT_H 1
| #define HAVE_STDLIB_H 1
| #define HAVE_STRING_H 1
| #define HAVE_MEMORY_H 1
| #define HAVE_STRINGS_H 1
| #define HAVE_INTTYPES_H 1
| #define HAVE_STDINT_H 1
| #define HAVE_UNISTD_H 1
| /* end confdefs.h.  */
| #include <stdio.h>
| #ifdef HAVE_SYS_TYPES_H
| # include <sys/types.h>
| #endif
| #ifdef HAVE_SYS_STAT_H
| # include <sys/stat.h>
| #endif
| #ifdef STDC_HEADERS
| # include <stdlib.h>
| # include <stddef.h>
| #else
| # ifdef HAVE_STDLIB_H
| #  include <stdlib.h>
| # endif
| #endif
| #ifdef HAVE_STRING_H
| # if !defined STDC_HEADERS && defined HAVE_MEMORY_H
| #  include <memory.h>
| # endif
| # include <string.h>
| #endif
| #ifdef HAVE_STRINGS_H
| # include <strings.h>
| #endif
| #ifdef HAVE_INTTYPES_H
| # include <inttypes.h>
| #endif
| #ifdef HAVE_STDINT_H
| # include <stdint.h>
| #endif
| #ifdef HAVE_UNISTD_H
| # include <unistd.h>
| #endif
| #include <xenctrl.h>
configure:4678: result: no
configure:4678: checking xenctrl.h presence
configure:4678: i686-unknown-linux-gcc -E  conftest.c
conftest.c:20:21: fatal error: xenctrl.h: No such file or directory
compilation terminated.
configure:4678: $? = 1
configure: failed program was:
| /* confdefs.h */
| #define PACKAGE_NAME "kexec-tools"
| #define PACKAGE_TARNAME "kexec-tools"
| #define PACKAGE_VERSION "2.0.3"
| #define PACKAGE_STRING "kexec-tools 2.0.3"
| #define PACKAGE_BUGREPORT ""
| #define PACKAGE_URL ""
| #define PACKAGE_DATE "14 December 2012"
| #define STDC_HEADERS 1
| #define HAVE_SYS_TYPES_H 1
| #define HAVE_SYS_STAT_H 1
| #define HAVE_STDLIB_H 1
| #define HAVE_STRING_H 1
| #define HAVE_MEMORY_H 1
| #define HAVE_STRINGS_H 1
| #define HAVE_INTTYPES_H 1
| #define HAVE_STDINT_H 1
| #define HAVE_UNISTD_H 1
| /* end confdefs.h.  */
| #include <xenctrl.h>
configure:4678: result: no
configure:4678: checking for xenctrl.h
configure:4678: result: no
configure:4879: creating ./config.status

## ---------------------- ##
## Running config.status. ##
## ---------------------- ##

This file was extended by kexec-tools config.status 2.0.3, which was
generated by GNU Autoconf 2.65.  Invocation command line was

  CONFIG_FILES    = 
  CONFIG_HEADERS  = 
  CONFIG_LINKS    = 
  CONFIG_COMMANDS = 
  $ ./config.status 

on jeroen-laptop

config.status:841: creating Makefile
config.status:841: creating include/config.h

## ---------------- ##
## Cache variables. ##
## ---------------- ##

ac_cv_build=i686-pc-linux-gnu
ac_cv_c_compiler_gnu=yes
ac_cv_env_CC_set=
ac_cv_env_CC_value=
ac_cv_env_CFLAGS_set=
ac_cv_env_CFLAGS_value=
ac_cv_env_CPPFLAGS_set=
ac_cv_env_CPPFLAGS_value=
ac_cv_env_CPP_set=
ac_cv_env_CPP_value=
ac_cv_env_LDFLAGS_set=
ac_cv_env_LDFLAGS_value=
ac_cv_env_LIBS_set=
ac_cv_env_LIBS_value=
ac_cv_env_build_alias_set=
ac_cv_env_build_alias_value=
ac_cv_env_host_alias_set=set
ac_cv_env_host_alias_value=i686-unknown-linux
ac_cv_env_target_alias_set=
ac_cv_env_target_alias_value=
ac_cv_header_inttypes_h=yes
ac_cv_header_lzma_h=no
ac_cv_header_memory_h=yes
ac_cv_header_stdc=yes
ac_cv_header_stdint_h=yes
ac_cv_header_stdlib_h=yes
ac_cv_header_string_h=yes
ac_cv_header_strings_h=yes
ac_cv_header_sys_stat_h=yes
ac_cv_header_sys_types_h=yes
ac_cv_header_unistd_h=yes
ac_cv_header_xenctrl_h=no
ac_cv_header_zlib_h=no
ac_cv_host=i686-unknown-linux-gnu
ac_cv_objext=o
ac_cv_path_EGREP='/bin/grep -E'
ac_cv_path_GREP=/bin/grep
ac_cv_path_install='/usr/bin/install -c'
ac_cv_prog_AR=i686-unknown-linux-ar
ac_cv_prog_AS=i686-unknown-linux-as
ac_cv_prog_BUILD_CC=gcc
ac_cv_prog_CC=i686-unknown-linux-gcc
ac_cv_prog_CP=cp
ac_cv_prog_CPP='i686-unknown-linux-gcc -E'
ac_cv_prog_DIRNAME=dirname
ac_cv_prog_FIND=find
ac_cv_prog_LD=i686-unknown-linux-ld
ac_cv_prog_LN=ln
ac_cv_prog_MKDIR=mkdir
ac_cv_prog_OBJCOPY=i686-unknown-linux-objcopy
ac_cv_prog_RM=rm
ac_cv_prog_RPMBUILD=no
ac_cv_prog_SED=sed
ac_cv_prog_TAR=tar
ac_cv_prog_XARGS=xargs
ac_cv_prog_cc_c89=
ac_cv_prog_cc_g=yes
ac_cv_target=i686-unknown-linux-gnu

## ----------------- ##
## Output variables. ##
## ----------------- ##

AR='i686-unknown-linux-ar'
ARCH='i386'
AS='i686-unknown-linux-as'
ASFLAGS=''
BUILD_CC='gcc'
BUILD_CFLAGS='-O2 -Wall'
CC='i686-unknown-linux-gcc'
CFLAGS='-g -O2'
CP='cp'
CPP='i686-unknown-linux-gcc -E'
CPPFLAGS=''
DEFS='-DHAVE_CONFIG_H'
DIRNAME='dirname'
ECHO_C=''
ECHO_N='-n'
ECHO_T=''
EGREP='/bin/grep -E'
EXEEXT=''
FIND='find'
GREP='/bin/grep'
INSTALL='/usr/bin/install -c'
INSTALL_DATA='${INSTALL} -m 644'
INSTALL_PROGRAM='${INSTALL}'
INSTALL_SCRIPT='${INSTALL}'
LD='i686-unknown-linux-ld'
LDFLAGS=''
LIBOBJS=''
LIBS=''
LN='ln'
LTLIBOBJS=''
MKDIR='mkdir'
OBJCOPY='i686-unknown-linux-objcopy'
OBJDIR='/root/kexec-tools-2.0.3/objdir-i686-unknown-linux'
OBJEXT='o'
PACKAGE_BUGREPORT=''
PACKAGE_NAME='kexec-tools'
PACKAGE_STRING='kexec-tools 2.0.3'
PACKAGE_TARNAME='kexec-tools'
PACKAGE_URL=''
PACKAGE_VERSION='2.0.3'
PATH_SEPARATOR=':'
PURGATORY_EXTRA_CFLAGS='-fno-zero-initialized-in-bss'
RM='rm'
RPMBUILD='no'
SED='sed'
SHELL='/bin/bash'
TAR='tar'
TARGET_CC='i686-unknown-linux-gcc'
TARGET_CFLAGS='-O2 -Wall'
TARGET_LD='i686-unknown-linux-ld'
XARGS='xargs'
ac_ct_CC=''
bindir='${exec_prefix}/bin'
build='i686-pc-linux-gnu'
build_alias=''
build_cpu='i686'
build_os='linux-gnu'
build_vendor='pc'
datadir='${datarootdir}'
datarootdir='${prefix}/share'
docdir='${datarootdir}/doc/${PACKAGE_TARNAME}'
dvidir='${docdir}'
exec_prefix='${prefix}'
host='i686-unknown-linux-gnu'
host_alias='i686-unknown-linux'
host_cpu='i686'
host_os='linux-gnu'
host_vendor='unknown'
htmldir='${docdir}'
includedir='${prefix}/include'
infodir='${datarootdir}/info'
libdir='${exec_prefix}/lib'
libexecdir='${exec_prefix}/libexec'
localedir='${datarootdir}/locale'
localstatedir='${prefix}/var'
mandir='${datarootdir}/man'
oldincludedir='/usr/include'
pdfdir='${docdir}'
prefix='/usr/local'
program_transform_name='s,x,x,'
psdir='${docdir}'
sbindir='${exec_prefix}/sbin'
sharedstatedir='${prefix}/com'
sysconfdir='${prefix}/etc'
target='i686-unknown-linux-gnu'
target_alias=''
target_cpu='i686'
target_os='linux-gnu'
target_vendor='unknown'

## ----------- ##
## confdefs.h. ##
## ----------- ##

/* confdefs.h */
#define PACKAGE_NAME "kexec-tools"
#define PACKAGE_TARNAME "kexec-tools"
#define PACKAGE_VERSION "2.0.3"
#define PACKAGE_STRING "kexec-tools 2.0.3"
#define PACKAGE_BUGREPORT ""
#define PACKAGE_URL ""
#define PACKAGE_DATE "14 December 2012"
#define STDC_HEADERS 1
#define HAVE_SYS_TYPES_H 1
#define HAVE_SYS_STAT_H 1
#define HAVE_STDLIB_H 1
#define HAVE_STRING_H 1
#define HAVE_MEMORY_H 1
#define HAVE_STRINGS_H 1
#define HAVE_INTTYPES_H 1
#define HAVE_STDINT_H 1
#define HAVE_UNISTD_H 1

configure: exit 0
